1611135624302	geckodriver	INFO	Listening on 127.0.0.1:51903
1611135627315	mozrunner::runner	INFO	Running command: "C:\\Program Files (x86)\\Mozilla Firefox\\firefox.exe" "--marionette" "-foreground" "-no-remote" "-profile" "C:\\Users\\CTEA\\AppData\\Local\\Temp\\rust_mozprofileAafha1"
[Parent 7372, IPC I/O Parent] WARNING: pipe error: 232: file /builds/worker/checkouts/gecko/ipc/chromium/src/chrome/common/ipc_channel_win.cc:545

###!!! [Parent][MessageChannel::SendAndWait] Error: Channel error: cannot send/recv

[GFX1-]: Failed to initialize GPU process

###!!! [Parent][MessageChannel] Error: (msgtype=0x54001C,name=PGPU::Msg_ShutdownVR) Channel error: cannot send/recv


###!!! [Parent][MessageChannel] Error: (msgtype=0x3A0067,name=PContent::Msg_RefreshScreens) Channel error: cannot send/recv


###!!! [Parent][MessageChannel] Error: (msgtype=0x3A004C,name=PContent::Msg_SetXPCOMProcessAttributes) Channel error: cannot send/recv


###!!! [Parent][MessageChannel] Error: (msgtype=0x3A003A,name=PContent::Msg_UpdateSharedData) Channel error: cannot send/recv


###!!! [Parent][MessageChannel] Error: (msgtype=0x3A003A,name=PContent::Msg_UpdateSharedData) Channel error: cannot send/recv


###!!! [Parent][MessageChannel] Error: (msgtype=0x3A001E,name=PContent::Msg_RegisterChrome) Channel error: cannot send/recv


###!!! [Parent][MessageChannel] Error: (msgtype=0x3A0039,name=PContent::Msg_RegisterStringBundles) Channel error: cannot send/recv


###!!! [Parent][MessageChannel] Error: (msgtype=0x3A0045,name=PContent::Msg_AppInfo) Channel error: cannot send/recv


###!!! [Parent][MessageChannel] Error: (msgtype=0x3A0046,name=PContent::Msg_RemoteType) Channel error: cannot send/recv


###!!! [Parent][MessageChannel] Error: (msgtype=0x3A001C,name=PContent::Msg_PScriptCacheConstructor) Channel error: cannot send/recv


###!!! [Parent][MessageChannel] Error: (msgtype=0x3A0057,name=PContent::Msg_LoadProcessScript) Channel error: cannot send/recv


###!!! [Parent][MessageChannel] Error: (msgtype=0x3A0057,name=PContent::Msg_LoadProcessScript) Channel error: cannot send/recv


###!!! [Parent][MessageChannel] Error: (msgtype=0x3A004E,name=PContent::Msg_NotifyProcessPriorityChanged) Channel error: cannot send/recv


###!!! [Parent][MessageChannel] Error: (msgtype=0x3A000C,name=PContent::Msg_InitRendering) Channel error: cannot send/recv


###!!! [Parent][MessageChannel] Error: (msgtype=0x3A0011,name=PContent::Msg_SetProcessSandbox) Channel error: cannot send/recv


###!!! [Parent][MessageChannel] Error: (msgtype=0x3A0049,name=PContent::Msg_InitJSActorInfos) Channel error: cannot send/recv


###!!! [Parent][MessageChannel] Error: (msgtype=0x3A0079,name=PContent::Msg_RegisterBrowsingContextGroup) Channel error: cannot send/recv


###!!! [Parent][MessageChannel] Error: (msgtype=0x3A006A,name=PContent::Msg_SetPluginList) Channel error: cannot send/recv


###!!! [Parent][MessageChannel] Error: (msgtype=0x3A0070,name=PContent::Msg_SetInputEventQueueEnabled) Channel error: cannot send/recv


###!!! [Parent][MessageChannel] Error: (msgtype=0x3A0073,name=PContent::Msg_SuspendInputEventQueue) Channel error: cannot send/recv


###!!! [Parent][MessageChannel] Error: (msgtype=0x3A0071,name=PContent::Msg_FlushInputEventQueue) Channel error: cannot send/recv


###!!! [Parent][MessageChannel] Error: (msgtype=0x3A0072,name=PContent::Msg_ResumeInputEventQueue) Channel error: cannot send/recv


###!!! [Parent][MessageChannel] Error: (msgtype=0x3A000A,name=PContent::Msg_InitProcessHangMonitor) Channel error: cannot send/recv


###!!! [Parent][MessageChannel] Error: (msgtype=0x3A000B,name=PContent::Msg_InitProfiler) Channel error: cannot send/recv


###!!! [Parent][MessageChannel] Error: (msgtype=0x3A0066,name=PContent::Msg_SetPermissionsWithKey) Channel error: cannot send/recv


###!!! [Parent][MessageChannel] Error: (msgtype=0x3A0062,name=PContent::Msg_GMPsChanged) Channel error: cannot send/recv


###!!! [Parent][MessageChannel] Error: (msgtype=0x3A0028,name=PContent::Msg_PreferenceUpdate) Channel error: cannot send/recv


###!!! [Parent][MessageChannel] Error: (msgtype=0x3A0146,name=PContent::Msg_CommitBrowsingContextTransaction) Channel error: cannot send/recv


###!!! [Parent][MessageChannel] Error: (msgtype=0x3A0003,name=PContent::Msg_ConstructBrowser) Channel error: cannot send/recv


###!!! [Parent][MessageChannel] Error: (msgtype=0x3A0146,name=PContent::Msg_CommitBrowsingContextTransaction) Channel error: cannot send/recv


###!!! [Parent][MessageChannel] Error: (msgtype=0x2300AB,name=PBrowser::Msg_UpdateNativeWindowHandle) Channel error: cannot send/recv


###!!! [Parent][MessageChannel] Error: (msgtype=0x2300AD,name=PBrowser::Msg_SetWidgetNativeData) Channel error: cannot send/recv


###!!! [Parent][MessageChannel] Error: (msgtype=0x3A0146,name=PContent::Msg_CommitBrowsingContextTransaction) Channel error: cannot send/recv


###!!! [Parent][MessageChannel] Error: (msgtype=0x230073,name=PBrowser::Msg_InitRendering) Channel error: cannot send/recv


###!!! [Parent][MessageChannel] Error: (msgtype=0x2300A3,name=PBrowser::Msg_SafeAreaInsetsChanged) Channel error: cannot send/recv


###!!! [Parent][MessageChannel] Error: (msgtype=0x23009C,name=PBrowser::Msg_LoadRemoteScript) Channel error: cannot send/recv


###!!! [Parent][MessageChannel] Error: (msgtype=0x3A0146,name=PContent::Msg_CommitBrowsingContextTransaction) Channel error: cannot send/recv


###!!! [Parent][MessageChannel] Error: (msgtype=0x23006F,name=PBrowser::Msg_Show) Channel error: cannot send/recv


###!!! [Parent][MessageChannel] Error: (msgtype=0x23009C,name=PBrowser::Msg_LoadRemoteScript) Channel error: cannot send/recv


###!!! [Parent][MessageChannel] Error: (msgtype=0x3A0146,name=PContent::Msg_CommitBrowsingContextTransaction) Channel error: cannot send/recv


###!!! [Parent][MessageChannel] Error: (msgtype=0x230077,name=PBrowser::Msg_UpdateDimensions) Channel error: cannot send/recv


###!!! [Parent][MessageChannel] Error: (msgtype=0x3A004E,name=PContent::Msg_NotifyProcessPriorityChanged) Channel error: cannot send/recv

[Parent 7372, IPC I/O Parent] WARNING: file /builds/worker/checkouts/gecko/ipc/chromium/src/base/process_util_win.cc:167
console.warn: SearchSettings: "get: No settings file exists, new profile?" (new Error("", "(unknown module)"))
1611135641324	Marionette	INFO	Listening on port 51911
1611135641483	Marionette	WARN	TLS certificate errors will be ignored for this session
JavaScript error: chrome://marionette/content/dom.js, line 48: TypeError: this.mm is null
console.warn: SearchSettings: "get: No settings file exists, new profile?" (new Error("", "(unknown module)"))
Marionette threw an error: NotFoundError: WindowGlobalParent.getActor: No such JSWindowActor 'MarionetteCommands'
getMarionetteCommandsActorProxy/get/<@chrome://marionette/content/actors/MarionetteCommandsParent.jsm:332:69
unregisterCommandsActor@chrome://marionette/content/actors/MarionetteCommandsParent.jsm:395:15
GeckoDriver.prototype.deleteSession@chrome://marionette/content/driver.js:3089:5
onClosed@chrome://marionette/content/server.js:196:17
close@chrome://marionette/content/transport.js:225:18
onInputStreamReady@chrome://marionette/content/transport.js:379:14

WARNING: At least one completion condition is taking too long to complete. Conditions: [{"name":"Extension shutdown: webcompat@mozilla.org","state":{"state":"Startup: Run manifest, asyncEmitManifestEntry(\"background\")"},"filename":"resource://gre/modules/addons/XPIProvider.jsm","lineNumber":2609,"stack":["resource://gre/modules/addons/XPIProvider.jsm:startup/<:2609","resource://gre/modules/AsyncShutdown.jsm:observe:573"]},{"name":"Extension shutdown: webcompat-reporter@mozilla.org","state":{"state":"Startup: Run manifest, asyncEmitManifestEntry(\"background\")"},"filename":"resource://gre/modules/addons/XPIProvider.jsm","lineNumber":2609,"stack":["resource://gre/modules/addons/XPIProvider.jsm:startup/<:2609","resource://gre/modules/AsyncShutdown.jsm:observe:573"]},{"name":"Extension shutdown: screenshots@mozilla.org","state":{"state":"Startup: Run manifest, asyncEmitManifestEntry(\"background\")"},"filename":"resource://gre/modules/addons/XPIProvider.jsm","lineNumber":2609,"stack":["resource://gre/modules/addons/XPIProvider.jsm:startup/<:2609","resource://gre/modules/AsyncShutdown.jsm:observe:573"]},{"name":"Extension shutdown: formautofill@mozilla.org","state":{"state":"Startup: Run manifest, asyncEmitManifestEntry(\"background\")"},"filename":"resource://gre/modules/addons/XPIProvider.jsm","lineNumber":2609,"stack":["resource://gre/modules/addons/XPIProvider.jsm:startup/<:2609","resource://gre/modules/AsyncShutdown.jsm:observe:573"]}] Barrier: profile-change-teardown
FATAL ERROR: AsyncShutdown timeout in profile-change-teardown Conditions: [{"name":"Extension shutdown: webcompat@mozilla.org","state":{"state":"Startup: Run manifest, asyncEmitManifestEntry(\"background\")"},"filename":"resource://gre/modules/addons/XPIProvider.jsm","lineNumber":2609,"stack":["resource://gre/modules/addons/XPIProvider.jsm:startup/<:2609","resource://gre/modules/AsyncShutdown.jsm:observe:573"]},{"name":"Extension shutdown: webcompat-reporter@mozilla.org","state":{"state":"Startup: Run manifest, asyncEmitManifestEntry(\"background\")"},"filename":"resource://gre/modules/addons/XPIProvider.jsm","lineNumber":2609,"stack":["resource://gre/modules/addons/XPIProvider.jsm:startup/<:2609","resource://gre/modules/AsyncShutdown.jsm:observe:573"]},{"name":"Extension shutdown: screenshots@mozilla.org","state":{"state":"Startup: Run manifest, asyncEmitManifestEntry(\"background\")"},"filename":"resource://gre/modules/addons/XPIProvider.jsm","lineNumber":2609,"stack":["resource://gre/modules/addons/XPIProvider.jsm:startup/<:2609","resource://gre/modules/AsyncShutdown.jsm:observe:573"]},{"name":"Extension shutdown: formautofill@mozilla.org","state":{"state":"Startup: Run manifest, asyncEmitManifestEntry(\"background\")"},"filename":"resource://gre/modules/addons/XPIProvider.jsm","lineNumber":2609,"stack":["resource://gre/modules/addons/XPIProvider.jsm:startup/<:2609","resource://gre/modules/AsyncShutdown.jsm:observe:573"]}] At least one completion condition failed to complete within a reasonable amount of time. Causing a crash to ensure that we do not leave the user with an unresponsive process draining resources.
[Parent 7372, Main Thread] ###!!! ABORT: file resource://gre/modules/addons/XPIProvider.jsm:2609
[Parent 7372, Main Thread] ###!!! ABORT: file resource://gre/modules/addons/XPIProvider.jsm:2609
